<?xml version="1.0" encoding="UTF-8"?>
<!-- Generated by org.testng.reporters.JUnitReportReporter -->
<testsuite hostname="DESKTOP-BJS4FPD" failures="0" tests="1" name="runner.TestRunner" time="39.342" errors="0" timestamp="2025-04-30T15:52:38 IST" skipped="0">
  <testcase classname="runner.TestRunner" name="runScenario" time="39.342"/>
  <system-out/>
</testsuite> <!-- runner.TestRunner -->
